# JRE version: Java(TM) SE Runtime Environment (14.0.2+12) (build 14.0.2+12-46)
# Java VM: Java HotSpot(TM) 64-Bit Server VM (14.0.2+12-46, mixed mode, sharing, tiered, compressed oops, g1 gc, windows-amd64)
Heap:
 garbage-first heap   total 99328K, used 74512K [0x00000000c1c00000, 0x0000000100000000)
  region size 1024K, 52 young (53248K), 5 survivors (5120K)
 Metaspace       used 38583K, capacity 40208K, committed 40448K, reserved 1085440K
  class space    used 4640K, capacity 5280K, committed 5376K, reserved 1048576K
GC Heap History (20 events):
Event: 307.299 GC heap before
{Heap before GC invocations=369 (full 0):
 garbage-first heap   total 121856K, used 55912K [0x00000000c1c00000, 0x0000000100000000)
  region size 1024K, 14 young (14336K), 2 survivors (2048K)
 Metaspace       used 37191K, capacity 38724K, committed 38784K, reserved 1083392K
  class space    used 4579K, capacity 5202K, committed 5248K, reserved 1048576K
}
Event: 307.301 GC heap after
{Heap after GC invocations=370 (full 0):
 garbage-first heap   total 121856K, used 46739K [0x00000000c1c00000, 0x0000000100000000)
  region size 1024K, 3 young (3072K), 3 survivors (3072K)
 Metaspace       used 37191K, capacity 38724K, committed 38784K, reserved 1083392K
  class space    used 4579K, capacity 5202K, committed 5248K, reserved 1048576K
}
Event: 311.784 GC heap before
{Heap before GC invocations=371 (full 0):
 garbage-first heap   total 121856K, used 65171K [0x00000000c1c00000, 0x0000000100000000)
  region size 1024K, 18 young (18432K), 3 survivors (3072K)
 Metaspace       used 37209K, capacity 38724K, committed 38784K, reserved 1083392K
  class space    used 4579K, capacity 5202K, committed 5248K, reserved 1048576K
}
Event: 311.786 GC heap after
{Heap after GC invocations=372 (full 0):
 garbage-first heap   total 121856K, used 49942K [0x00000000c1c00000, 0x0000000100000000)
  region size 1024K, 3 young (3072K), 3 survivors (3072K)
 Metaspace       used 37209K, capacity 38724K, committed 38784K, reserved 1083392K
  class space    used 4579K, capacity 5202K, committed 5248K, reserved 1048576K
}
Event: 320.566 GC heap before
{Heap before GC invocations=373 (full 0):
 garbage-first heap   total 121856K, used 81686K [0x00000000c1c00000, 0x0000000100000000)
  region size 1024K, 22 young (22528K), 3 survivors (3072K)
 Metaspace       used 37308K, capacity 38833K, committed 39040K, reserved 1083392K
  class space    used 4598K, capacity 5238K, committed 5248K, reserved 1048576K
}
Event: 320.568 GC heap after
{Heap after GC invocations=374 (full 0):
 garbage-first heap   total 121856K, used 42786K [0x00000000c1c00000, 0x0000000100000000)
  region size 1024K, 3 young (3072K), 3 survivors (3072K)
 Metaspace       used 37308K, capacity 38833K, committed 39040K, reserved 1083392K
  class space    used 4598K, capacity 5238K, committed 5248K, reserved 1048576K
}
Event: 325.721 GC heap before
{Heap before GC invocations=375 (full 0):
 garbage-first heap   total 121856K, used 100130K [0x00000000c1c00000, 0x0000000100000000)
  region size 1024K, 54 young (55296K), 3 survivors (3072K)
 Metaspace       used 37414K, capacity 38971K, committed 39040K, reserved 1083392K
  class space    used 4600K, capacity 5238K, committed 5248K, reserved 1048576K
}
Event: 325.724 GC heap after
{Heap after GC invocations=376 (full 0):
 garbage-first heap   total 121856K, used 41166K [0x00000000c1c00000, 0x0000000100000000)
  region size 1024K, 4 young (4096K), 4 survivors (4096K)
 Metaspace       used 37414K, capacity 38971K, committed 39040K, reserved 1083392K
  class space    used 4600K, capacity 5238K, committed 5248K, reserved 1048576K
}
Event: 361.223 GC heap before
{Heap before GC invocations=376 (full 0):
 garbage-first heap   total 121856K, used 95438K [0x00000000c1c00000, 0x0000000100000000)
  region size 1024K, 58 young (59392K), 4 survivors (4096K)
 Metaspace       used 37857K, capacity 39415K, committed 39680K, reserved 1083392K
  class space    used 4618K, capacity 5254K, committed 5376K, reserved 1048576K
}
Event: 361.227 GC heap after
{Heap after GC invocations=377 (full 0):
 garbage-first heap   total 121856K, used 42464K [0x00000000c1c00000, 0x0000000100000000)
  region size 1024K, 5 young (5120K), 5 survivors (5120K)
 Metaspace       used 37857K, capacity 39415K, committed 39680K, reserved 1083392K
  class space    used 4618K, capacity 5254K, committed 5376K, reserved 1048576K
}
Event: 374.897 GC heap before
{Heap before GC invocations=378 (full 0):
 garbage-first heap   total 116736K, used 86496K [0x00000000c1c00000, 0x0000000100000000)
  region size 1024K, 59 young (60416K), 5 survivors (5120K)
 Metaspace       used 37967K, capacity 39553K, committed 39680K, reserved 1083392K
  class space    used 4618K, capacity 5254K, committed 5376K, reserved 1048576K
}
Event: 374.901 GC heap after
{Heap after GC invocations=379 (full 0):
 garbage-first heap   total 116736K, used 30353K [0x00000000c1c00000, 0x0000000100000000)
  region size 1024K, 3 young (3072K), 3 survivors (3072K)
 Metaspace       used 37967K, capacity 39553K, committed 39680K, reserved 1083392K
  class space    used 4618K, capacity 5254K, committed 5376K, reserved 1048576K
}
Event: 375.021 GC heap before
{Heap before GC invocations=379 (full 0):
 garbage-first heap   total 116736K, used 31377K [0x00000000c1c00000, 0x0000000100000000)
  region size 1024K, 5 young (5120K), 3 survivors (3072K)
 Metaspace       used 37985K, capacity 39559K, committed 39936K, reserved 1083392K
  class space    used 4618K, capacity 5254K, committed 5376K, reserved 1048576K
}
Event: 375.033 GC heap after
{Heap after GC invocations=380 (full 0):
 garbage-first heap   total 116736K, used 23417K [0x00000000c1c00000, 0x0000000100000000)
  region size 1024K, 1 young (1024K), 1 survivors (1024K)
 Metaspace       used 37985K, capacity 39559K, committed 39936K, reserved 1083392K
  class space    used 4618K, capacity 5254K, committed 5376K, reserved 1048576K
}
Event: 416.148 GC heap before
{Heap before GC invocations=380 (full 0):
 garbage-first heap   total 116736K, used 91001K [0x00000000c1c00000, 0x0000000100000000)
  region size 1024K, 68 young (69632K), 1 survivors (1024K)
 Metaspace       used 38212K, capacity 39751K, committed 39936K, reserved 1083392K
  class space    used 4625K, capacity 5263K, committed 5376K, reserved 1048576K
}
Event: 416.151 GC heap after
{Heap after GC invocations=381 (full 0):
 garbage-first heap   total 116736K, used 25432K [0x00000000c1c00000, 0x0000000100000000)
  region size 1024K, 3 young (3072K), 3 survivors (3072K)
 Metaspace       used 38212K, capacity 39751K, committed 39936K, reserved 1083392K
  class space    used 4625K, capacity 5263K, committed 5376K, reserved 1048576K
}
Event: 438.473 GC heap before
{Heap before GC invocations=381 (full 0):
 garbage-first heap   total 116736K, used 90968K [0x00000000c1c00000, 0x0000000100000000)
  region size 1024K, 68 young (69632K), 3 survivors (3072K)
 Metaspace       used 38363K, capacity 39925K, committed 40192K, reserved 1083392K
  class space    used 4637K, capacity 5278K, committed 5376K, reserved 1048576K
}
Event: 438.476 GC heap after
{Heap after GC invocations=382 (full 0):
 garbage-first heap   total 116736K, used 27654K [0x00000000c1c00000, 0x0000000100000000)
  region size 1024K, 5 young (5120K), 5 survivors (5120K)
 Metaspace       used 38363K, capacity 39925K, committed 40192K, reserved 1083392K
  class space    used 4637K, capacity 5278K, committed 5376K, reserved 1048576K
}
Event: 462.407 GC heap before
{Heap before GC invocations=382 (full 0):
 garbage-first heap   total 116736K, used 91142K [0x00000000c1c00000, 0x0000000100000000)
  region size 1024K, 68 young (69632K), 5 survivors (5120K)
 Metaspace       used 38479K, capacity 40066K, committed 40192K, reserved 1083392K
  class space    used 4639K, capacity 5278K, committed 5376K, reserved 1048576K
}
Event: 462.410 GC heap after
{Heap after GC invocations=383 (full 0):
 garbage-first heap   total 116736K, used 27408K [0x00000000c1c00000, 0x0000000100000000)
  region size 1024K, 5 young (5120K), 5 survivors (5120K)
 Metaspace       used 38479K, capacity 40066K, committed 40192K, reserved 1083392K
  class space    used 4639K, capacity 5278K, committed 5376K, reserved 1048576K
}

